<?xml version="1.0" encoding="UTF-8" ?>
<testsuites>

  <testsuite name="Player when song has been paused" errors="0" tests="2" failures="0" time="0.001" timestamp="2013-02-18T15:43:03.519Z">
    
      <testcase assertions="2" classname="Player when song has been paused" name="should indicate that the song is currently paused" time="0">
        
      </testcase>
    
      <testcase assertions="2" classname="Player when song has been paused" name="should be possible to resume" time="0.001">
        
      </testcase>
    
  </testsuite>

</testsuites>